Name                  Stmts   Miss  Cover   Missing
---------------------------------------------------
replay.py               301    301     0%   8-388
posanimator.py          206    155    25%   53, 58-62, 66, 77-107, 111-112, 117-121, 129-131, 137-170, 175-178, 182-249, 257-259, 263, 271-275
petal.py               1689   1253    26%   7-11, 31, 38, 50-51, 56, 118-119, 121-122, 124-125, 145, 148, 165-187, 192, 217, 224-233, 237-243, 276, 283, 289-290, 296-297, 300-308, 327-338, 349, 352-353, 371-373, 381-382, 389-393, 417-436, 504, 508, 516-518, 520, 523, 593-627, 646-676, 702-736, 752, 755-756, 780-781, 787-796, 800-806, 828-869, 880, 883-885, 927-941, 955-964, 979-998, 1022-1098, 1105-1107, 1121-1205, 1218-1244, 1248-1267, 1274-1275, 1282, 1289, 1297-1306, 1324, 1326, 1328, 1331-1333, 1336-1337, 1352-1359, 1364-1367, 1377, 1383, 1389-1391, 1410-1411, 1422, 1424-1425, 1431-1437, 1451-1472, 1480-1481, 1487, 1489, 1499, 1527-1562, 1568-1569, 1583, 1589, 1606-1631, 1642, 1648-1649, 1665-1679, 1695-1737, 1745-1755, 1763-1788, 1797-1809, 1819-1839, 1858-1940, 1963-2052, 2070-2181, 2195-2220, 2226-2227, 2236-2241, 2245-2264, 2269-2270, 2282-2286, 2293, 2301-2303, 2340-2341, 2343, 2363-2364, 2372-2375, 2381, 2388-2389, 2399-2408, 2433-2437, 2443-2509, 2520-2536, 2542-2549, 2576-2591, 2621, 2625, 2630, 2632-2633, 2635-2636, 2642, 2654-2657, 2659-2663, 2665, 2667-2670, 2688-2720, 2730-2731, 2737-2739, 2749, 2762-2772, 2786-2790, 2817-2831, 2836, 2846-2848, 2854-2888
posschedstats.py        338    244    28%   27, 34, 40-44, 54, 122, 126-131, 137-138, 146-152, 161-167, 172-175, 180-184, 191-194, 200-204, 211-214, 218, 222, 226-227, 231, 235-236, 240-241, 245, 249, 255-262, 266, 270, 275-278, 283-292, 296-318, 322-328, 332-345, 351-359, 371-394, 401-412, 425-465, 483-511, 525-531
posschedulestage.py     454    284    37%   51, 68-77, 83-91, 95-98, 103-165, 178, 186-188, 277, 332-409, 461, 473-478, 498-503, 505-506, 511-515, 576-703, 713-717, 725-733
petaltransforms.py      228    130    43%   40-48, 137, 151, 167, 181-187, 193, 215-217, 228-231, 241, 251-255, 264, 277, 285-287, 294-297, 314-317, 324-327, 335-338, 345-348, 356, 365-368, 375-377, 384-387, 469-562
posschedule.py          796    387    51%   30, 61, 69-76, 110, 129, 131-133, 138-140, 149, 151, 153, 157, 166-172, 183, 185-188, 190-191, 193, 195, 198-200, 203, 207, 210, 212-222, 237, 242, 248, 264-276, 294-328, 374-375, 387, 417, 433, 447-450, 461-478, 503, 525-527, 534, 536-538, 541, 543-545, 548, 566, 573-595, 601-639, 645-652, 689, 694, 697-701, 703, 718-775, 790, 798, 832-833, 838-853, 855-869, 899-900, 938, 943, 946, 948, 959-960, 973, 975, 981-983, 992, 995, 1002-1004, 1041-1045, 1053-1056, 1062-1065, 1075, 1082-1087, 1094-1108, 1112, 1115, 1118-1146, 1153-1161, 1167-1177, 1180
postransforms.py        259    122    53%   111-114, 118-119, 141, 143, 148-151, 156-170, 233-235, 257-258, 262-263, 267-269, 283-284, 291-296, 311-312, 322-323, 328-329, 350-351, 362-363, 368-369, 374-377, 382-385, 430-432, 441-443, 464, 469, 474, 506-512, 523-528, 534-572
posstate.py             294    102    65%   13, 56, 61, 69-98, 119-120, 138-140, 166-170, 174-209, 220-224, 235, 237, 242, 245, 255-256, 289-290, 295-299, 305, 311, 316, 322-329, 337-338, 340-342, 345, 351-352, 389, 462-465, 483, 493, 505-513
posmovetable.py         463    159    66%   24, 33, 48-53, 58-75, 78, 81, 87-125, 131-171, 174-177, 191, 199, 223, 264-267, 277, 293, 296, 306-311, 315-317, 321-323, 351-355, 363, 372, 383, 420-429, 436, 439, 448, 488, 506-508, 529-530, 536-539, 598-609, 664-665, 674-675, 692, 703
posconstants.py         338    103    70%   13, 41, 43, 47, 68-69, 85, 89, 99, 102, 115, 395-409, 471, 473, 480, 490-502, 510-520, 526-530, 540-548, 557-560, 564-567, 605-610, 617-625, 628, 631, 634, 637, 640, 643-647, 651-659
posmodel.py             371     75    80%   16, 31-35, 45-48, 56-63, 81-84, 86, 172-187, 221, 227, 232, 237, 245-250, 256-259, 285-289, 294-295, 312-313, 326, 330-332, 341, 407-409, 419, 436, 477-480, 484-487, 491-494, 500-501, 546, 549, 551-552, 554-555, 626, 630
xy2tp.py                 96      7    93%   20-21, 69, 74, 76, 168-169
---------------------------------------------------
TOTAL                  5833   3322    43%
